2024/12/23 13:54:13 [notice] 1#1: using the "epoll" event method
2024/12/23 13:54:13 [notice] 1#1: nginx/1.27.3
2024/12/23 13:54:13 [notice] 1#1: built by gcc 13.2.1 20240309 (Alpine 13.2.1_git20240309) 
2024/12/23 13:54:13 [notice] 1#1: OS: Linux 5.15.167.4-microsoft-standard-WSL2
2024/12/23 13:54:13 [notice] 1#1: getrlimit(RLIMIT_NOFILE): 1048576:1048576
2024/12/23 13:54:13 [notice] 1#1: start worker processes
2024/12/23 13:54:13 [notice] 1#1: start worker process 29
2024/12/23 13:54:13 [notice] 1#1: start worker process 30
2024/12/23 13:54:13 [notice] 1#1: start worker process 31
2024/12/23 13:54:13 [notice] 1#1: start worker process 32
2024/12/23 13:54:13 [notice] 1#1: start worker process 33
2024/12/23 13:54:13 [notice] 1#1: start worker process 34
2024/12/23 13:54:13 [notice] 1#1: start worker process 35
2024/12/23 13:54:13 [notice] 1#1: start worker process 36
2024/12/23 13:54:13 [notice] 1#1: start worker process 37
2024/12/23 13:54:13 [notice] 1#1: start worker process 38
2024/12/23 13:54:13 [notice] 1#1: start worker process 39
2024/12/23 13:54:13 [notice] 1#1: start worker process 40
2024/12/23 14:14:25 [notice] 1#1: signal 3 (SIGQUIT) received, shutting down
2024/12/23 14:14:25 [notice] 32#32: gracefully shutting down
2024/12/23 14:14:25 [notice] 29#29: gracefully shutting down
2024/12/23 14:14:25 [notice] 33#33: gracefully shutting down
2024/12/23 14:14:25 [notice] 31#31: gracefully shutting down
2024/12/23 14:14:25 [notice] 40#40: gracefully shutting down
2024/12/23 14:14:25 [notice] 34#34: gracefully shutting down
2024/12/23 14:14:25 [notice] 39#39: gracefully shutting down
2024/12/23 14:14:25 [notice] 35#35: gracefully shutting down
2024/12/23 14:14:25 [notice] 30#30: gracefully shutting down
2024/12/23 14:14:25 [notice] 35#35: exiting
2024/12/23 14:14:25 [notice] 32#32: exiting
2024/12/23 14:14:25 [notice] 36#36: gracefully shutting down
2024/12/23 14:14:25 [notice] 35#35: exit
2024/12/23 14:14:25 [notice] 37#37: gracefully shutting down
2024/12/23 14:14:25 [notice] 29#29: exiting
2024/12/23 14:14:25 [notice] 38#38: gracefully shutting down
2024/12/23 14:14:25 [notice] 29#29: exit
2024/12/23 14:14:25 [notice] 33#33: exiting
2024/12/23 14:14:25 [notice] 38#38: exiting
2024/12/23 14:14:25 [notice] 31#31: exiting
2024/12/23 14:14:25 [notice] 40#40: exiting
2024/12/23 14:14:25 [notice] 34#34: exiting
2024/12/23 14:14:25 [notice] 40#40: exit
2024/12/23 14:14:25 [notice] 39#39: exiting
2024/12/23 14:14:25 [notice] 30#30: exiting
2024/12/23 14:14:25 [notice] 32#32: exit
2024/12/23 14:14:25 [notice] 36#36: exiting
2024/12/23 14:14:25 [notice] 37#37: exiting
2024/12/23 14:14:25 [notice] 33#33: exit
2024/12/23 14:14:25 [notice] 38#38: exit
2024/12/23 14:14:25 [notice] 31#31: exit
2024/12/23 14:14:25 [notice] 34#34: exit
2024/12/23 14:14:25 [notice] 39#39: exit
2024/12/23 14:14:25 [notice] 30#30: exit
2024/12/23 14:14:25 [notice] 36#36: exit
2024/12/23 14:14:25 [notice] 37#37: exit
2024/12/23 14:14:26 [notice] 1#1: signal 17 (SIGCHLD) received from 29
2024/12/23 14:14:26 [notice] 1#1: worker process 29 exited with code 0
2024/12/23 14:14:26 [notice] 1#1: worker process 30 exited with code 0
2024/12/23 14:14:26 [notice] 1#1: worker process 33 exited with code 0
2024/12/23 14:14:26 [notice] 1#1: worker process 34 exited with code 0
2024/12/23 14:14:26 [notice] 1#1: worker process 35 exited with code 0
2024/12/23 14:14:26 [notice] 1#1: worker process 38 exited with code 0
2024/12/23 14:14:26 [notice] 1#1: worker process 40 exited with code 0
2024/12/23 14:14:26 [notice] 1#1: signal 29 (SIGIO) received
2024/12/23 14:14:26 [notice] 1#1: signal 17 (SIGCHLD) received from 30
2024/12/23 14:14:26 [notice] 1#1: signal 17 (SIGCHLD) received from 39
2024/12/23 14:14:26 [notice] 1#1: worker process 32 exited with code 0
2024/12/23 14:14:26 [notice] 1#1: worker process 39 exited with code 0
2024/12/23 14:14:26 [notice] 1#1: signal 29 (SIGIO) received
2024/12/23 14:14:26 [notice] 1#1: signal 17 (SIGCHLD) received from 32
2024/12/23 14:14:26 [notice] 1#1: signal 17 (SIGCHLD) received from 37
2024/12/23 14:14:26 [notice] 1#1: worker process 37 exited with code 0
2024/12/23 14:14:26 [notice] 1#1: signal 29 (SIGIO) received
2024/12/23 14:14:26 [notice] 1#1: signal 17 (SIGCHLD) received from 36
2024/12/23 14:14:26 [notice] 1#1: worker process 31 exited with code 0
2024/12/23 14:14:26 [notice] 1#1: worker process 36 exited with code 0
2024/12/23 14:14:26 [notice] 1#1: exit
2024/12/28 18:29:29 [notice] 1#1: using the "epoll" event method
2024/12/28 18:29:29 [notice] 1#1: nginx/1.27.3
2024/12/28 18:29:29 [notice] 1#1: built by gcc 13.2.1 20240309 (Alpine 13.2.1_git20240309) 
2024/12/28 18:29:29 [notice] 1#1: OS: Linux 5.15.167.4-microsoft-standard-WSL2
2024/12/28 18:29:29 [notice] 1#1: getrlimit(RLIMIT_NOFILE): 1048576:1048576
2024/12/28 18:29:29 [notice] 1#1: start worker processes
2024/12/28 18:29:29 [notice] 1#1: start worker process 30
2024/12/28 18:29:29 [notice] 1#1: start worker process 31
2024/12/28 18:29:29 [notice] 1#1: start worker process 32
2024/12/28 18:29:29 [notice] 1#1: start worker process 33
2024/12/28 18:29:29 [notice] 1#1: start worker process 34
2024/12/28 18:29:29 [notice] 1#1: start worker process 35
2024/12/28 18:29:29 [notice] 1#1: start worker process 36
2024/12/28 18:29:29 [notice] 1#1: start worker process 37
2024/12/28 18:29:29 [notice] 1#1: start worker process 38
2024/12/28 18:29:29 [notice] 1#1: start worker process 39
2024/12/28 18:29:29 [notice] 1#1: start worker process 40
2024/12/28 18:29:29 [notice] 1#1: start worker process 41
2024/12/28 18:44:31 [notice] 1#1: signal 3 (SIGQUIT) received, shutting down
2024/12/28 18:44:31 [notice] 31#31: gracefully shutting down
2024/12/28 18:44:31 [notice] 34#34: gracefully shutting down
2024/12/28 18:44:31 [notice] 30#30: gracefully shutting down
2024/12/28 18:44:31 [notice] 33#33: gracefully shutting down
2024/12/28 18:44:31 [notice] 40#40: gracefully shutting down
2024/12/28 18:44:31 [notice] 38#38: gracefully shutting down
2024/12/28 18:44:31 [notice] 39#39: gracefully shutting down
2024/12/28 18:44:31 [notice] 34#34: exiting
2024/12/28 18:44:31 [notice] 36#36: gracefully shutting down
2024/12/28 18:44:31 [notice] 33#33: exiting
2024/12/28 18:44:31 [notice] 37#37: gracefully shutting down
2024/12/28 18:44:31 [notice] 32#32: gracefully shutting down
2024/12/28 18:44:31 [notice] 35#35: gracefully shutting down
2024/12/28 18:44:31 [notice] 39#39: exiting
2024/12/28 18:44:31 [notice] 41#41: gracefully shutting down
2024/12/28 18:44:31 [notice] 31#31: exiting
2024/12/28 18:44:31 [notice] 30#30: exiting
2024/12/28 18:44:31 [notice] 40#40: exiting
2024/12/28 18:44:31 [notice] 32#32: exiting
2024/12/28 18:44:31 [notice] 38#38: exiting
2024/12/28 18:44:31 [notice] 36#36: exiting
2024/12/28 18:44:31 [notice] 33#33: exit
2024/12/28 18:44:31 [notice] 39#39: exit
2024/12/28 18:44:31 [notice] 34#34: exit
2024/12/28 18:44:31 [notice] 37#37: exiting
2024/12/28 18:44:31 [notice] 31#31: exit
2024/12/28 18:44:31 [notice] 30#30: exit
2024/12/28 18:44:31 [notice] 40#40: exit
2024/12/28 18:44:31 [notice] 35#35: exiting
2024/12/28 18:44:31 [notice] 32#32: exit
2024/12/28 18:44:31 [notice] 41#41: exiting
2024/12/28 18:44:31 [notice] 38#38: exit
2024/12/28 18:44:31 [notice] 36#36: exit
2024/12/28 18:44:31 [notice] 37#37: exit
2024/12/28 18:44:31 [notice] 35#35: exit
2024/12/28 18:44:31 [notice] 41#41: exit
2024/12/28 18:44:31 [notice] 1#1: signal 17 (SIGCHLD) received from 38
2024/12/28 18:44:31 [notice] 1#1: worker process 31 exited with code 0
2024/12/28 18:44:31 [notice] 1#1: worker process 33 exited with code 0
2024/12/28 18:44:31 [notice] 1#1: worker process 35 exited with code 0
2024/12/28 18:44:31 [notice] 1#1: worker process 36 exited with code 0
2024/12/28 18:44:31 [notice] 1#1: worker process 38 exited with code 0
2024/12/28 18:44:31 [notice] 1#1: worker process 40 exited with code 0
2024/12/28 18:44:31 [notice] 1#1: signal 29 (SIGIO) received
2024/12/28 18:44:31 [notice] 1#1: signal 17 (SIGCHLD) received from 35
2024/12/28 18:44:31 [notice] 1#1: signal 17 (SIGCHLD) received from 41
2024/12/28 18:44:31 [notice] 1#1: worker process 34 exited with code 0
2024/12/28 18:44:31 [notice] 1#1: worker process 37 exited with code 0
2024/12/28 18:44:31 [notice] 1#1: worker process 39 exited with code 0
2024/12/28 18:44:31 [notice] 1#1: worker process 41 exited with code 0
2024/12/28 18:44:31 [notice] 1#1: signal 29 (SIGIO) received
2024/12/28 18:44:31 [notice] 1#1: signal 17 (SIGCHLD) received from 37
2024/12/28 18:44:31 [notice] 1#1: signal 17 (SIGCHLD) received from 32
2024/12/28 18:44:31 [notice] 1#1: worker process 32 exited with code 0
2024/12/28 18:44:31 [notice] 1#1: signal 29 (SIGIO) received
2024/12/28 18:44:31 [notice] 1#1: signal 17 (SIGCHLD) received from 30
2024/12/28 18:44:31 [notice] 1#1: worker process 30 exited with code 0
2024/12/28 18:44:31 [notice] 1#1: exit
2024/12/29 11:51:53 [emerg] 1#1: host not found in upstream "php" in /etc/nginx/conf.d/default.conf:19
2024/12/29 11:54:56 [notice] 1#1: using the "epoll" event method
2024/12/29 11:54:56 [notice] 1#1: nginx/1.27.3
2024/12/29 11:54:56 [notice] 1#1: built by gcc 13.2.1 20240309 (Alpine 13.2.1_git20240309) 
2024/12/29 11:54:56 [notice] 1#1: OS: Linux 5.15.167.4-microsoft-standard-WSL2
2024/12/29 11:54:56 [notice] 1#1: getrlimit(RLIMIT_NOFILE): 1048576:1048576
2024/12/29 11:54:56 [notice] 1#1: start worker processes
2024/12/29 11:54:56 [notice] 1#1: start worker process 29
2024/12/29 11:54:56 [notice] 1#1: start worker process 30
2024/12/29 11:54:56 [notice] 1#1: start worker process 31
2024/12/29 11:54:56 [notice] 1#1: start worker process 32
2024/12/29 11:54:56 [notice] 1#1: start worker process 33
2024/12/29 11:54:56 [notice] 1#1: start worker process 34
2024/12/29 11:54:56 [notice] 1#1: start worker process 35
2024/12/29 11:54:56 [notice] 1#1: start worker process 36
2024/12/29 11:54:56 [notice] 1#1: start worker process 37
2024/12/29 11:54:56 [notice] 1#1: start worker process 38
2024/12/29 11:54:56 [notice] 1#1: start worker process 39
2024/12/29 11:54:56 [notice] 1#1: start worker process 40
2024/12/29 12:04:09 [notice] 1#1: signal 3 (SIGQUIT) received, shutting down
2024/12/29 12:04:09 [notice] 32#32: gracefully shutting down
2024/12/29 12:04:09 [notice] 33#33: gracefully shutting down
2024/12/29 12:04:09 [notice] 29#29: gracefully shutting down
2024/12/29 12:04:09 [notice] 35#35: gracefully shutting down
2024/12/29 12:04:09 [notice] 30#30: gracefully shutting down
2024/12/29 12:04:09 [notice] 39#39: gracefully shutting down
2024/12/29 12:04:09 [notice] 34#34: gracefully shutting down
2024/12/29 12:04:09 [notice] 36#36: gracefully shutting down
2024/12/29 12:04:09 [notice] 38#38: gracefully shutting down
2024/12/29 12:04:09 [notice] 37#37: gracefully shutting down
2024/12/29 12:04:09 [notice] 31#31: gracefully shutting down
2024/12/29 12:04:09 [notice] 39#39: exiting
2024/12/29 12:04:09 [notice] 40#40: gracefully shutting down
2024/12/29 12:04:09 [notice] 32#32: exiting
2024/12/29 12:04:09 [notice] 33#33: exiting
2024/12/29 12:04:09 [notice] 29#29: exiting
2024/12/29 12:04:09 [notice] 30#30: exiting
2024/12/29 12:04:09 [notice] 34#34: exiting
2024/12/29 12:04:09 [notice] 38#38: exiting
2024/12/29 12:04:09 [notice] 36#36: exiting
2024/12/29 12:04:09 [notice] 37#37: exiting
2024/12/29 12:04:09 [notice] 35#35: exiting
2024/12/29 12:04:09 [notice] 31#31: exiting
2024/12/29 12:04:09 [notice] 40#40: exiting
2024/12/29 12:04:09 [notice] 40#40: exit
2024/12/29 12:04:09 [notice] 31#31: exit
2024/12/29 12:04:09 [notice] 33#33: exit
2024/12/29 12:04:09 [notice] 29#29: exit
2024/12/29 12:04:09 [notice] 35#35: exit
2024/12/29 12:04:09 [notice] 34#34: exit
2024/12/29 12:04:09 [notice] 39#39: exit
2024/12/29 12:04:09 [notice] 38#38: exit
2024/12/29 12:04:09 [notice] 37#37: exit
2024/12/29 12:04:09 [notice] 36#36: exit
2024/12/29 12:04:09 [notice] 30#30: exit
2024/12/29 12:04:09 [notice] 32#32: exit
2024/12/29 12:04:09 [notice] 1#1: signal 17 (SIGCHLD) received from 39
2024/12/29 12:04:09 [notice] 1#1: worker process 29 exited with code 0
2024/12/29 12:04:09 [notice] 1#1: worker process 37 exited with code 0
2024/12/29 12:04:09 [notice] 1#1: worker process 38 exited with code 0
2024/12/29 12:04:09 [notice] 1#1: worker process 39 exited with code 0
2024/12/29 12:04:09 [notice] 1#1: worker process 40 exited with code 0
2024/12/29 12:04:09 [notice] 1#1: signal 29 (SIGIO) received
2024/12/29 12:04:09 [notice] 1#1: signal 17 (SIGCHLD) received from 38
2024/12/29 12:04:09 [notice] 1#1: signal 17 (SIGCHLD) received from 36
2024/12/29 12:04:09 [notice] 1#1: worker process 30 exited with code 0
2024/12/29 12:04:09 [notice] 1#1: worker process 34 exited with code 0
2024/12/29 12:04:09 [notice] 1#1: worker process 36 exited with code 0
2024/12/29 12:04:09 [notice] 1#1: signal 29 (SIGIO) received
2024/12/29 12:04:09 [notice] 1#1: signal 17 (SIGCHLD) received from 34
2024/12/29 12:04:09 [notice] 1#1: signal 17 (SIGCHLD) received from 31
2024/12/29 12:04:09 [notice] 1#1: worker process 31 exited with code 0
2024/12/29 12:04:09 [notice] 1#1: signal 29 (SIGIO) received
2024/12/29 12:04:09 [notice] 1#1: signal 17 (SIGCHLD) received from 33
2024/12/29 12:04:09 [notice] 1#1: worker process 33 exited with code 0
2024/12/29 12:04:09 [notice] 1#1: signal 29 (SIGIO) received
2024/12/29 12:04:09 [notice] 1#1: signal 17 (SIGCHLD) received from 35
2024/12/29 12:04:09 [notice] 1#1: worker process 35 exited with code 0
2024/12/29 12:04:09 [notice] 1#1: signal 29 (SIGIO) received
2024/12/29 12:04:09 [notice] 1#1: signal 17 (SIGCHLD) received from 32
2024/12/29 12:04:09 [notice] 1#1: worker process 32 exited with code 0
2024/12/29 12:04:09 [notice] 1#1: exit
2024/12/29 12:08:35 [notice] 1#1: using the "epoll" event method
2024/12/29 12:08:35 [notice] 1#1: nginx/1.27.3
2024/12/29 12:08:35 [notice] 1#1: built by gcc 13.2.1 20240309 (Alpine 13.2.1_git20240309) 
2024/12/29 12:08:35 [notice] 1#1: OS: Linux 5.15.167.4-microsoft-standard-WSL2
2024/12/29 12:08:35 [notice] 1#1: getrlimit(RLIMIT_NOFILE): 1048576:1048576
2024/12/29 12:08:35 [notice] 1#1: start worker processes
2024/12/29 12:08:35 [notice] 1#1: start worker process 29
2024/12/29 12:08:35 [notice] 1#1: start worker process 30
2024/12/29 12:08:35 [notice] 1#1: start worker process 31
2024/12/29 12:08:35 [notice] 1#1: start worker process 32
2024/12/29 12:08:35 [notice] 1#1: start worker process 33
2024/12/29 12:08:35 [notice] 1#1: start worker process 34
2024/12/29 12:08:35 [notice] 1#1: start worker process 35
2024/12/29 12:08:35 [notice] 1#1: start worker process 36
2024/12/29 12:08:35 [notice] 1#1: start worker process 37
2024/12/29 12:08:35 [notice] 1#1: start worker process 38
2024/12/29 12:08:35 [notice] 1#1: start worker process 39
2024/12/29 12:08:35 [notice] 1#1: start worker process 40
2024/12/29 12:12:55 [notice] 1#1: signal 3 (SIGQUIT) received, shutting down
2024/12/29 12:12:55 [notice] 30#30: gracefully shutting down
2024/12/29 12:12:55 [notice] 39#39: gracefully shutting down
2024/12/29 12:12:55 [notice] 29#29: gracefully shutting down
2024/12/29 12:12:55 [notice] 32#32: gracefully shutting down
2024/12/29 12:12:55 [notice] 37#37: gracefully shutting down
2024/12/29 12:12:55 [notice] 31#31: gracefully shutting down
2024/12/29 12:12:55 [notice] 35#35: gracefully shutting down
2024/12/29 12:12:55 [notice] 40#40: gracefully shutting down
2024/12/29 12:12:55 [notice] 36#36: gracefully shutting down
2024/12/29 12:12:55 [notice] 34#34: gracefully shutting down
2024/12/29 12:12:55 [notice] 38#38: gracefully shutting down
2024/12/29 12:12:55 [notice] 39#39: exiting
2024/12/29 12:12:55 [notice] 31#31: exiting
2024/12/29 12:12:55 [notice] 33#33: gracefully shutting down
2024/12/29 12:12:55 [notice] 30#30: exiting
2024/12/29 12:12:55 [notice] 29#29: exiting
2024/12/29 12:12:55 [notice] 32#32: exiting
2024/12/29 12:12:55 [notice] 37#37: exiting
2024/12/29 12:12:55 [notice] 35#35: exiting
2024/12/29 12:12:55 [notice] 36#36: exiting
2024/12/29 12:12:55 [notice] 40#40: exiting
2024/12/29 12:12:55 [notice] 34#34: exiting
2024/12/29 12:12:55 [notice] 38#38: exiting
2024/12/29 12:12:55 [notice] 33#33: exiting
2024/12/29 12:12:55 [notice] 40#40: exit
2024/12/29 12:12:55 [notice] 33#33: exit
2024/12/29 12:12:55 [notice] 37#37: exit
2024/12/29 12:12:55 [notice] 35#35: exit
2024/12/29 12:12:55 [notice] 30#30: exit
2024/12/29 12:12:55 [notice] 38#38: exit
2024/12/29 12:12:55 [notice] 32#32: exit
2024/12/29 12:12:55 [notice] 31#31: exit
2024/12/29 12:12:55 [notice] 36#36: exit
2024/12/29 12:12:55 [notice] 34#34: exit
2024/12/29 12:12:55 [notice] 29#29: exit
2024/12/29 12:12:55 [notice] 39#39: exit
2024/12/29 12:12:55 [notice] 1#1: signal 17 (SIGCHLD) received from 30
2024/12/29 12:12:55 [notice] 1#1: worker process 30 exited with code 0
2024/12/29 12:12:55 [notice] 1#1: signal 29 (SIGIO) received
2024/12/29 12:12:55 [notice] 1#1: signal 17 (SIGCHLD) received from 29
2024/12/29 12:12:55 [notice] 1#1: worker process 29 exited with code 0
2024/12/29 12:12:55 [notice] 1#1: worker process 31 exited with code 0
2024/12/29 12:12:55 [notice] 1#1: worker process 32 exited with code 0
2024/12/29 12:12:55 [notice] 1#1: worker process 35 exited with code 0
2024/12/29 12:12:55 [notice] 1#1: worker process 36 exited with code 0
2024/12/29 12:12:55 [notice] 1#1: worker process 37 exited with code 0
2024/12/29 12:12:55 [notice] 1#1: worker process 38 exited with code 0
2024/12/29 12:12:55 [notice] 1#1: worker process 40 exited with code 0
2024/12/29 12:12:55 [notice] 1#1: signal 29 (SIGIO) received
2024/12/29 12:12:55 [notice] 1#1: signal 17 (SIGCHLD) received from 37
2024/12/29 12:12:55 [notice] 1#1: signal 17 (SIGCHLD) received from 34
2024/12/29 12:12:55 [notice] 1#1: worker process 34 exited with code 0
2024/12/29 12:12:55 [notice] 1#1: signal 29 (SIGIO) received
2024/12/29 12:12:55 [notice] 1#1: signal 17 (SIGCHLD) received from 33
2024/12/29 12:12:55 [notice] 1#1: worker process 33 exited with code 0
2024/12/29 12:12:55 [notice] 1#1: worker process 39 exited with code 0
2024/12/29 12:12:55 [notice] 1#1: exit
2024/12/29 12:14:04 [notice] 1#1: using the "epoll" event method
2024/12/29 12:14:04 [notice] 1#1: nginx/1.27.3
2024/12/29 12:14:04 [notice] 1#1: built by gcc 13.2.1 20240309 (Alpine 13.2.1_git20240309) 
2024/12/29 12:14:04 [notice] 1#1: OS: Linux 5.15.167.4-microsoft-standard-WSL2
2024/12/29 12:14:04 [notice] 1#1: getrlimit(RLIMIT_NOFILE): 1048576:1048576
2024/12/29 12:14:04 [notice] 1#1: start worker processes
2024/12/29 12:14:04 [notice] 1#1: start worker process 29
2024/12/29 12:14:04 [notice] 1#1: start worker process 30
2024/12/29 12:14:04 [notice] 1#1: start worker process 31
2024/12/29 12:14:04 [notice] 1#1: start worker process 32
2024/12/29 12:14:04 [notice] 1#1: start worker process 33
2024/12/29 12:14:04 [notice] 1#1: start worker process 34
2024/12/29 12:14:04 [notice] 1#1: start worker process 35
2024/12/29 12:14:04 [notice] 1#1: start worker process 36
2024/12/29 12:14:04 [notice] 1#1: start worker process 37
2024/12/29 12:14:04 [notice] 1#1: start worker process 38
2024/12/29 12:14:04 [notice] 1#1: start worker process 39
2024/12/29 12:14:04 [notice] 1#1: start worker process 40
2024/12/29 12:16:16 [notice] 1#1: signal 3 (SIGQUIT) received, shutting down
2024/12/29 12:16:16 [notice] 29#29: gracefully shutting down
2024/12/29 12:16:16 [notice] 37#37: gracefully shutting down
2024/12/29 12:16:16 [notice] 30#30: gracefully shutting down
2024/12/29 12:16:16 [notice] 32#32: gracefully shutting down
2024/12/29 12:16:16 [notice] 33#33: gracefully shutting down
2024/12/29 12:16:16 [notice] 33#33: exiting
2024/12/29 12:16:16 [notice] 34#34: gracefully shutting down
2024/12/29 12:16:16 [notice] 31#31: gracefully shutting down
2024/12/29 12:16:16 [notice] 31#31: exiting
2024/12/29 12:16:16 [notice] 35#35: gracefully shutting down
2024/12/29 12:16:16 [notice] 36#36: gracefully shutting down
2024/12/29 12:16:16 [notice] 38#38: gracefully shutting down
2024/12/29 12:16:16 [notice] 39#39: gracefully shutting down
2024/12/29 12:16:16 [notice] 29#29: exiting
2024/12/29 12:16:16 [notice] 40#40: gracefully shutting down
2024/12/29 12:16:16 [notice] 37#37: exiting
2024/12/29 12:16:16 [notice] 30#30: exiting
2024/12/29 12:16:16 [notice] 32#32: exiting
2024/12/29 12:16:16 [notice] 33#33: exit
2024/12/29 12:16:16 [notice] 34#34: exiting
2024/12/29 12:16:16 [notice] 31#31: exit
2024/12/29 12:16:16 [notice] 35#35: exiting
2024/12/29 12:16:16 [notice] 36#36: exiting
2024/12/29 12:16:16 [notice] 38#38: exiting
2024/12/29 12:16:16 [notice] 39#39: exiting
2024/12/29 12:16:16 [notice] 29#29: exit
2024/12/29 12:16:16 [notice] 40#40: exiting
2024/12/29 12:16:16 [notice] 37#37: exit
2024/12/29 12:16:16 [notice] 30#30: exit
2024/12/29 12:16:16 [notice] 32#32: exit
2024/12/29 12:16:16 [notice] 34#34: exit
2024/12/29 12:16:16 [notice] 35#35: exit
2024/12/29 12:16:16 [notice] 36#36: exit
2024/12/29 12:16:16 [notice] 38#38: exit
2024/12/29 12:16:16 [notice] 39#39: exit
2024/12/29 12:16:16 [notice] 40#40: exit
2024/12/29 12:16:16 [notice] 1#1: signal 17 (SIGCHLD) received from 32
2024/12/29 12:16:16 [notice] 1#1: worker process 30 exited with code 0
2024/12/29 12:16:16 [notice] 1#1: worker process 32 exited with code 0
2024/12/29 12:16:16 [notice] 1#1: worker process 35 exited with code 0
2024/12/29 12:16:16 [notice] 1#1: signal 29 (SIGIO) received
2024/12/29 12:16:16 [notice] 1#1: signal 17 (SIGCHLD) received from 35
2024/12/29 12:16:16 [notice] 1#1: signal 17 (SIGCHLD) received from 31
2024/12/29 12:16:16 [notice] 1#1: worker process 31 exited with code 0
2024/12/29 12:16:16 [notice] 1#1: worker process 33 exited with code 0
2024/12/29 12:16:16 [notice] 1#1: worker process 37 exited with code 0
2024/12/29 12:16:16 [notice] 1#1: worker process 39 exited with code 0
2024/12/29 12:16:16 [notice] 1#1: worker process 40 exited with code 0
2024/12/29 12:16:16 [notice] 1#1: signal 29 (SIGIO) received
2024/12/29 12:16:16 [notice] 1#1: signal 17 (SIGCHLD) received from 29
2024/12/29 12:16:16 [notice] 1#1: worker process 29 exited with code 0
2024/12/29 12:16:16 [notice] 1#1: worker process 36 exited with code 0
2024/12/29 12:16:16 [notice] 1#1: signal 29 (SIGIO) received
2024/12/29 12:16:16 [notice] 1#1: signal 17 (SIGCHLD) received from 38
2024/12/29 12:16:16 [notice] 1#1: worker process 38 exited with code 0
2024/12/29 12:16:16 [notice] 1#1: signal 29 (SIGIO) received
2024/12/29 12:16:16 [notice] 1#1: signal 17 (SIGCHLD) received from 34
2024/12/29 12:16:16 [notice] 1#1: worker process 34 exited with code 0
2024/12/29 12:16:16 [notice] 1#1: exit
2024/12/29 12:16:41 [notice] 1#1: using the "epoll" event method
2024/12/29 12:16:41 [notice] 1#1: nginx/1.27.3
2024/12/29 12:16:41 [notice] 1#1: built by gcc 13.2.1 20240309 (Alpine 13.2.1_git20240309) 
2024/12/29 12:16:41 [notice] 1#1: OS: Linux 5.15.167.4-microsoft-standard-WSL2
2024/12/29 12:16:41 [notice] 1#1: getrlimit(RLIMIT_NOFILE): 1048576:1048576
2024/12/29 12:16:41 [notice] 1#1: start worker processes
2024/12/29 12:16:41 [notice] 1#1: start worker process 29
2024/12/29 12:16:41 [notice] 1#1: start worker process 30
2024/12/29 12:16:41 [notice] 1#1: start worker process 31
2024/12/29 12:16:41 [notice] 1#1: start worker process 32
2024/12/29 12:16:41 [notice] 1#1: start worker process 33
2024/12/29 12:16:41 [notice] 1#1: start worker process 34
2024/12/29 12:16:41 [notice] 1#1: start worker process 35
2024/12/29 12:16:41 [notice] 1#1: start worker process 36
2024/12/29 12:16:41 [notice] 1#1: start worker process 37
2024/12/29 12:16:41 [notice] 1#1: start worker process 38
2024/12/29 12:16:41 [notice] 1#1: start worker process 39
2024/12/29 12:16:41 [notice] 1#1: start worker process 40
2024/12/29 12:18:58 [notice] 1#1: signal 3 (SIGQUIT) received, shutting down
2024/12/29 12:18:58 [notice] 29#29: gracefully shutting down
2024/12/29 12:18:58 [notice] 33#33: gracefully shutting down
2024/12/29 12:18:58 [notice] 34#34: gracefully shutting down
2024/12/29 12:18:58 [notice] 34#34: exiting
2024/12/29 12:18:58 [notice] 31#31: gracefully shutting down
2024/12/29 12:18:58 [notice] 36#36: gracefully shutting down
2024/12/29 12:18:58 [notice] 30#30: gracefully shutting down
2024/12/29 12:18:58 [notice] 38#38: gracefully shutting down
2024/12/29 12:18:58 [notice] 34#34: exit
2024/12/29 12:18:58 [notice] 37#37: gracefully shutting down
2024/12/29 12:18:58 [notice] 39#39: gracefully shutting down
2024/12/29 12:18:58 [notice] 32#32: gracefully shutting down
2024/12/29 12:18:58 [notice] 32#32: exiting
2024/12/29 12:18:58 [notice] 40#40: gracefully shutting down
2024/12/29 12:18:58 [notice] 29#29: exiting
2024/12/29 12:18:58 [notice] 35#35: gracefully shutting down
2024/12/29 12:18:58 [notice] 33#33: exiting
2024/12/29 12:18:58 [notice] 31#31: exiting
2024/12/29 12:18:58 [notice] 36#36: exiting
2024/12/29 12:18:58 [notice] 30#30: exiting
2024/12/29 12:18:58 [notice] 38#38: exiting
2024/12/29 12:18:58 [notice] 30#30: exit
2024/12/29 12:18:58 [notice] 37#37: exiting
2024/12/29 12:18:58 [notice] 39#39: exiting
2024/12/29 12:18:58 [notice] 40#40: exiting
2024/12/29 12:18:58 [notice] 29#29: exit
2024/12/29 12:18:58 [notice] 35#35: exiting
2024/12/29 12:18:58 [notice] 33#33: exit
2024/12/29 12:18:58 [notice] 31#31: exit
2024/12/29 12:18:58 [notice] 32#32: exit
2024/12/29 12:18:58 [notice] 36#36: exit
2024/12/29 12:18:58 [notice] 38#38: exit
2024/12/29 12:18:58 [notice] 37#37: exit
2024/12/29 12:18:58 [notice] 39#39: exit
2024/12/29 12:18:58 [notice] 40#40: exit
2024/12/29 12:18:58 [notice] 35#35: exit
2024/12/29 12:18:58 [notice] 1#1: signal 17 (SIGCHLD) received from 34
2024/12/29 12:18:58 [notice] 1#1: worker process 34 exited with code 0
2024/12/29 12:18:58 [notice] 1#1: signal 29 (SIGIO) received
2024/12/29 12:18:58 [notice] 1#1: signal 17 (SIGCHLD) received from 30
2024/12/29 12:18:58 [notice] 1#1: worker process 30 exited with code 0
2024/12/29 12:18:58 [notice] 1#1: signal 29 (SIGIO) received
2024/12/29 12:18:58 [notice] 1#1: signal 17 (SIGCHLD) received from 29
2024/12/29 12:18:58 [notice] 1#1: worker process 29 exited with code 0
2024/12/29 12:18:58 [notice] 1#1: worker process 37 exited with code 0
2024/12/29 12:18:58 [notice] 1#1: worker process 40 exited with code 0
2024/12/29 12:18:59 [notice] 1#1: signal 29 (SIGIO) received
2024/12/29 12:18:59 [notice] 1#1: signal 17 (SIGCHLD) received from 40
2024/12/29 12:18:59 [notice] 1#1: worker process 35 exited with code 0
2024/12/29 12:18:59 [notice] 1#1: worker process 38 exited with code 0
2024/12/29 12:18:59 [notice] 1#1: signal 29 (SIGIO) received
2024/12/29 12:18:59 [notice] 1#1: signal 17 (SIGCHLD) received from 38
2024/12/29 12:18:59 [notice] 1#1: signal 17 (SIGCHLD) received from 31
2024/12/29 12:18:59 [notice] 1#1: worker process 31 exited with code 0
2024/12/29 12:18:59 [notice] 1#1: worker process 32 exited with code 0
2024/12/29 12:18:59 [notice] 1#1: worker process 33 exited with code 0
2024/12/29 12:18:59 [notice] 1#1: worker process 39 exited with code 0
2024/12/29 12:18:59 [notice] 1#1: signal 29 (SIGIO) received
2024/12/29 12:18:59 [notice] 1#1: signal 17 (SIGCHLD) received from 33
2024/12/29 12:18:59 [notice] 1#1: signal 17 (SIGCHLD) received from 36
2024/12/29 12:18:59 [notice] 1#1: worker process 36 exited with code 0
2024/12/29 12:18:59 [notice] 1#1: exit
2024/12/29 12:19:34 [notice] 1#1: using the "epoll" event method
2024/12/29 12:19:34 [notice] 1#1: nginx/1.27.3
2024/12/29 12:19:34 [notice] 1#1: built by gcc 13.2.1 20240309 (Alpine 13.2.1_git20240309) 
2024/12/29 12:19:34 [notice] 1#1: OS: Linux 5.15.167.4-microsoft-standard-WSL2
2024/12/29 12:19:34 [notice] 1#1: getrlimit(RLIMIT_NOFILE): 1048576:1048576
2024/12/29 12:19:34 [notice] 1#1: start worker processes
2024/12/29 12:19:34 [notice] 1#1: start worker process 29
2024/12/29 12:19:34 [notice] 1#1: start worker process 30
2024/12/29 12:19:34 [notice] 1#1: start worker process 31
2024/12/29 12:19:34 [notice] 1#1: start worker process 32
2024/12/29 12:19:34 [notice] 1#1: start worker process 33
2024/12/29 12:19:34 [notice] 1#1: start worker process 34
2024/12/29 12:19:34 [notice] 1#1: start worker process 35
2024/12/29 12:19:34 [notice] 1#1: start worker process 36
2024/12/29 12:19:34 [notice] 1#1: start worker process 37
2024/12/29 12:19:34 [notice] 1#1: start worker process 38
2024/12/29 12:19:34 [notice] 1#1: start worker process 39
2024/12/29 12:19:34 [notice] 1#1: start worker process 40
2024/12/29 12:22:22 [error] 30#30: *2 connect() failed (111: Connection refused) while connecting to upstream, client: 172.19.0.1, server: , request: "GET /api/documentation HTTP/1.1", upstream: "fastcgi://172.19.0.2:9000", host: "127.0.0.1:8080"
2024/12/29 12:23:30 [error] 32#32: *5 connect() failed (111: Connection refused) while connecting to upstream, client: 172.19.0.1, server: , request: "GET /api/documentation HTTP/1.1", upstream: "fastcgi://172.19.0.2:9000", host: "127.0.0.1:8080"
2024/12/29 12:23:31 [error] 32#32: *5 connect() failed (111: Connection refused) while connecting to upstream, client: 172.19.0.1, server: , request: "GET /api/documentation HTTP/1.1", upstream: "fastcgi://172.19.0.2:9000", host: "127.0.0.1:8080"
2024/12/29 12:23:40 [error] 33#33: *9 connect() failed (111: Connection refused) while connecting to upstream, client: 172.19.0.1, server: , request: "GET / HTTP/1.1", upstream: "fastcgi://172.19.0.2:9000", host: "localhost:8080"
2024/12/29 12:25:36 [error] 34#34: *11 connect() failed (113: Host is unreachable) while connecting to upstream, client: 172.19.0.1, server: , request: "GET / HTTP/1.1", upstream: "fastcgi://172.19.0.2:9000", host: "localhost:8080"
2024/12/29 12:27:52 [error] 37#37: *14 connect() failed (113: Host is unreachable) while connecting to upstream, client: 172.19.0.1, server: , request: "GET /api/documentation HTTP/1.1", upstream: "fastcgi://172.19.0.2:9000", host: "127.0.0.1:8080"
2024/12/29 12:29:25 [error] 38#38: *17 connect() failed (111: Connection refused) while connecting to upstream, client: 172.19.0.1, server: , request: "GET /api/documentation HTTP/1.1", upstream: "fastcgi://172.19.0.2:9000", host: "127.0.0.1:8080"
2024/12/29 12:30:38 [notice] 1#1: signal 3 (SIGQUIT) received, shutting down
2024/12/29 12:30:38 [notice] 29#29: gracefully shutting down
2024/12/29 12:30:38 [notice] 30#30: gracefully shutting down
2024/12/29 12:30:38 [notice] 34#34: gracefully shutting down
2024/12/29 12:30:38 [notice] 33#33: gracefully shutting down
2024/12/29 12:30:38 [notice] 34#34: exiting
2024/12/29 12:30:38 [notice] 37#37: gracefully shutting down
2024/12/29 12:30:38 [notice] 36#36: gracefully shutting down
2024/12/29 12:30:38 [notice] 39#39: gracefully shutting down
2024/12/29 12:30:38 [notice] 31#31: gracefully shutting down
2024/12/29 12:30:38 [notice] 35#35: gracefully shutting down
2024/12/29 12:30:38 [notice] 38#38: gracefully shutting down
2024/12/29 12:30:38 [notice] 32#32: gracefully shutting down
2024/12/29 12:30:38 [notice] 40#40: gracefully shutting down
2024/12/29 12:30:38 [notice] 29#29: exiting
2024/12/29 12:30:38 [notice] 30#30: exiting
2024/12/29 12:30:38 [notice] 40#40: exiting
2024/12/29 12:30:38 [notice] 33#33: exiting
2024/12/29 12:30:38 [notice] 34#34: exit
2024/12/29 12:30:38 [notice] 37#37: exiting
2024/12/29 12:30:38 [notice] 36#36: exiting
2024/12/29 12:30:38 [notice] 39#39: exiting
2024/12/29 12:30:38 [notice] 36#36: exit
2024/12/29 12:30:38 [notice] 31#31: exiting
2024/12/29 12:30:38 [notice] 35#35: exiting
2024/12/29 12:30:38 [notice] 38#38: exiting
2024/12/29 12:30:38 [notice] 35#35: exit
2024/12/29 12:30:38 [notice] 32#32: exiting
2024/12/29 12:30:38 [notice] 29#29: exit
2024/12/29 12:30:38 [notice] 30#30: exit
2024/12/29 12:30:38 [notice] 40#40: exit
2024/12/29 12:30:38 [notice] 33#33: exit
2024/12/29 12:30:38 [notice] 37#37: exit
2024/12/29 12:30:38 [notice] 39#39: exit
2024/12/29 12:30:38 [notice] 31#31: exit
2024/12/29 12:30:38 [notice] 38#38: exit
2024/12/29 12:30:38 [notice] 32#32: exit
2024/12/29 12:30:38 [notice] 1#1: signal 17 (SIGCHLD) received from 36
2024/12/29 12:30:38 [notice] 1#1: worker process 29 exited with code 0
2024/12/29 12:30:38 [notice] 1#1: worker process 30 exited with code 0
2024/12/29 12:30:38 [notice] 1#1: worker process 31 exited with code 0
2024/12/29 12:30:38 [notice] 1#1: worker process 32 exited with code 0
2024/12/29 12:30:38 [notice] 1#1: worker process 33 exited with code 0
2024/12/29 12:30:38 [notice] 1#1: worker process 34 exited with code 0
2024/12/29 12:30:38 [notice] 1#1: worker process 35 exited with code 0
2024/12/29 12:30:38 [notice] 1#1: worker process 36 exited with code 0
2024/12/29 12:30:38 [notice] 1#1: worker process 37 exited with code 0
2024/12/29 12:30:38 [notice] 1#1: worker process 38 exited with code 0
2024/12/29 12:30:38 [notice] 1#1: worker process 39 exited with code 0
2024/12/29 12:30:38 [notice] 1#1: worker process 40 exited with code 0
2024/12/29 12:30:38 [notice] 1#1: exit
2024/12/29 12:31:18 [notice] 1#1: using the "epoll" event method
2024/12/29 12:31:18 [notice] 1#1: nginx/1.27.3
2024/12/29 12:31:18 [notice] 1#1: built by gcc 13.2.1 20240309 (Alpine 13.2.1_git20240309) 
2024/12/29 12:31:18 [notice] 1#1: OS: Linux 5.15.167.4-microsoft-standard-WSL2
2024/12/29 12:31:18 [notice] 1#1: getrlimit(RLIMIT_NOFILE): 1048576:1048576
2024/12/29 12:31:18 [notice] 1#1: start worker processes
2024/12/29 12:31:18 [notice] 1#1: start worker process 30
2024/12/29 12:31:18 [notice] 1#1: start worker process 31
2024/12/29 12:31:18 [notice] 1#1: start worker process 32
2024/12/29 12:31:18 [notice] 1#1: start worker process 33
2024/12/29 12:31:18 [notice] 1#1: start worker process 34
2024/12/29 12:31:18 [notice] 1#1: start worker process 35
2024/12/29 12:31:18 [notice] 1#1: start worker process 36
2024/12/29 12:31:18 [notice] 1#1: start worker process 37
2024/12/29 12:31:18 [notice] 1#1: start worker process 38
2024/12/29 12:31:18 [notice] 1#1: start worker process 39
2024/12/29 12:31:18 [notice] 1#1: start worker process 40
2024/12/29 12:31:18 [notice] 1#1: start worker process 41
2024/12/29 12:31:26 [error] 30#30: *2 connect() failed (111: Connection refused) while connecting to upstream, client: 172.19.0.1, server: localhost, request: "GET /api/documentation HTTP/1.1", upstream: "fastcgi://172.19.0.2:9000", host: "127.0.0.1:8080"
2024/12/29 12:31:29 [error] 30#30: *2 connect() failed (111: Connection refused) while connecting to upstream, client: 172.19.0.1, server: localhost, request: "GET /api/documentation HTTP/1.1", upstream: "fastcgi://172.19.0.2:9000", host: "127.0.0.1:8080"
2024/12/29 12:31:30 [error] 30#30: *2 connect() failed (111: Connection refused) while connecting to upstream, client: 172.19.0.1, server: localhost, request: "GET /api/documentation HTTP/1.1", upstream: "fastcgi://172.19.0.2:9000", host: "127.0.0.1:8080"
2024/12/29 12:32:17 [error] 35#35: *6 connect() failed (111: Connection refused) while connecting to upstream, client: 172.19.0.1, server: localhost, request: "GET / HTTP/1.1", upstream: "fastcgi://172.19.0.2:9000", host: "localhost:8080"
2024/12/29 12:32:35 [notice] 42#42: signal process started
2024/12/29 12:32:35 [notice] 1#1: signal 1 (SIGHUP) received from 42, reconfiguring
2024/12/29 12:32:35 [notice] 1#1: reconfiguring
2024/12/29 12:32:35 [notice] 1#1: using the "epoll" event method
2024/12/29 12:32:35 [notice] 1#1: start worker processes
2024/12/29 12:32:35 [notice] 1#1: start worker process 48
2024/12/29 12:32:35 [notice] 1#1: start worker process 49
2024/12/29 12:32:35 [notice] 1#1: start worker process 50
2024/12/29 12:32:35 [notice] 1#1: start worker process 51
2024/12/29 12:32:35 [notice] 1#1: start worker process 52
2024/12/29 12:32:35 [notice] 1#1: start worker process 53
2024/12/29 12:32:35 [notice] 1#1: start worker process 54
2024/12/29 12:32:35 [notice] 1#1: start worker process 55
2024/12/29 12:32:35 [notice] 1#1: start worker process 56
2024/12/29 12:32:35 [notice] 1#1: start worker process 57
2024/12/29 12:32:35 [notice] 1#1: start worker process 58
2024/12/29 12:32:35 [notice] 1#1: start worker process 59
2024/12/29 12:32:35 [notice] 30#30: gracefully shutting down
2024/12/29 12:32:35 [notice] 31#31: gracefully shutting down
2024/12/29 12:32:35 [notice] 41#41: gracefully shutting down
2024/12/29 12:32:35 [notice] 32#32: gracefully shutting down
2024/12/29 12:32:35 [notice] 33#33: gracefully shutting down
2024/12/29 12:32:35 [notice] 34#34: gracefully shutting down
2024/12/29 12:32:35 [notice] 35#35: gracefully shutting down
2024/12/29 12:32:35 [notice] 36#36: gracefully shutting down
2024/12/29 12:32:35 [notice] 37#37: gracefully shutting down
2024/12/29 12:32:35 [notice] 30#30: exiting
2024/12/29 12:32:35 [notice] 38#38: gracefully shutting down
2024/12/29 12:32:35 [notice] 39#39: gracefully shutting down
2024/12/29 12:32:35 [notice] 40#40: gracefully shutting down
2024/12/29 12:32:35 [notice] 31#31: exiting
2024/12/29 12:32:35 [notice] 41#41: exiting
2024/12/29 12:32:35 [notice] 32#32: exiting
2024/12/29 12:32:35 [notice] 33#33: exiting
2024/12/29 12:32:35 [notice] 34#34: exiting
2024/12/29 12:32:35 [notice] 35#35: exiting
2024/12/29 12:32:35 [notice] 36#36: exiting
2024/12/29 12:32:35 [notice] 37#37: exiting
2024/12/29 12:32:35 [notice] 30#30: exit
2024/12/29 12:32:35 [notice] 38#38: exiting
2024/12/29 12:32:35 [notice] 39#39: exiting
2024/12/29 12:32:35 [notice] 38#38: exit
2024/12/29 12:32:35 [notice] 40#40: exiting
2024/12/29 12:32:35 [notice] 31#31: exit
2024/12/29 12:32:35 [notice] 41#41: exit
2024/12/29 12:32:35 [notice] 32#32: exit
2024/12/29 12:32:35 [notice] 33#33: exit
2024/12/29 12:32:35 [notice] 34#34: exit
2024/12/29 12:32:35 [notice] 35#35: exit
2024/12/29 12:32:35 [notice] 36#36: exit
2024/12/29 12:32:35 [notice] 37#37: exit
2024/12/29 12:32:35 [notice] 39#39: exit
2024/12/29 12:32:35 [notice] 40#40: exit
2024/12/29 12:32:35 [notice] 1#1: signal 17 (SIGCHLD) received from 37
2024/12/29 12:32:35 [notice] 1#1: worker process 30 exited with code 0
2024/12/29 12:32:35 [notice] 1#1: worker process 31 exited with code 0
2024/12/29 12:32:35 [notice] 1#1: worker process 32 exited with code 0
2024/12/29 12:32:35 [notice] 1#1: worker process 34 exited with code 0
2024/12/29 12:32:35 [notice] 1#1: worker process 35 exited with code 0
2024/12/29 12:32:35 [notice] 1#1: worker process 36 exited with code 0
2024/12/29 12:32:35 [notice] 1#1: worker process 37 exited with code 0
2024/12/29 12:32:35 [notice] 1#1: worker process 38 exited with code 0
2024/12/29 12:32:35 [notice] 1#1: worker process 39 exited with code 0
2024/12/29 12:32:35 [notice] 1#1: worker process 40 exited with code 0
2024/12/29 12:32:35 [notice] 1#1: worker process 41 exited with code 0
2024/12/29 12:32:35 [notice] 1#1: signal 29 (SIGIO) received
2024/12/29 12:32:35 [notice] 1#1: signal 17 (SIGCHLD) received from 32
2024/12/29 12:32:35 [notice] 1#1: worker process 33 exited with code 0
2024/12/29 12:32:35 [notice] 1#1: signal 29 (SIGIO) received
2024/12/29 12:33:23 [notice] 1#1: signal 3 (SIGQUIT) received, shutting down
2024/12/29 12:33:23 [notice] 49#49: gracefully shutting down
2024/12/29 12:33:23 [notice] 49#49: exiting
2024/12/29 12:33:23 [notice] 48#48: gracefully shutting down
2024/12/29 12:33:23 [notice] 50#50: gracefully shutting down
2024/12/29 12:33:23 [notice] 52#52: gracefully shutting down
2024/12/29 12:33:23 [notice] 51#51: gracefully shutting down
2024/12/29 12:33:23 [notice] 53#53: gracefully shutting down
2024/12/29 12:33:23 [notice] 55#55: gracefully shutting down
2024/12/29 12:33:23 [notice] 54#54: gracefully shutting down
2024/12/29 12:33:23 [notice] 56#56: gracefully shutting down
2024/12/29 12:33:23 [notice] 57#57: gracefully shutting down
2024/12/29 12:33:23 [notice] 58#58: gracefully shutting down
2024/12/29 12:33:23 [notice] 59#59: gracefully shutting down
2024/12/29 12:33:23 [notice] 49#49: exit
2024/12/29 12:33:23 [notice] 48#48: exiting
2024/12/29 12:33:23 [notice] 50#50: exiting
2024/12/29 12:33:23 [notice] 52#52: exiting
2024/12/29 12:33:23 [notice] 51#51: exiting
2024/12/29 12:33:23 [notice] 53#53: exiting
2024/12/29 12:33:23 [notice] 55#55: exiting
2024/12/29 12:33:23 [notice] 54#54: exiting
2024/12/29 12:33:23 [notice] 56#56: exiting
2024/12/29 12:33:23 [notice] 57#57: exiting
2024/12/29 12:33:23 [notice] 58#58: exiting
2024/12/29 12:33:23 [notice] 59#59: exiting
2024/12/29 12:33:23 [notice] 48#48: exit
2024/12/29 12:33:23 [notice] 50#50: exit
2024/12/29 12:33:23 [notice] 52#52: exit
2024/12/29 12:33:23 [notice] 51#51: exit
2024/12/29 12:33:23 [notice] 53#53: exit
2024/12/29 12:33:23 [notice] 55#55: exit
2024/12/29 12:33:23 [notice] 54#54: exit
2024/12/29 12:33:23 [notice] 56#56: exit
2024/12/29 12:33:23 [notice] 57#57: exit
2024/12/29 12:33:23 [notice] 58#58: exit
2024/12/29 12:33:23 [notice] 59#59: exit
2024/12/29 12:33:23 [notice] 1#1: signal 17 (SIGCHLD) received from 48
2024/12/29 12:33:23 [notice] 1#1: worker process 48 exited with code 0
2024/12/29 12:33:23 [notice] 1#1: worker process 49 exited with code 0
2024/12/29 12:33:23 [notice] 1#1: worker process 50 exited with code 0
2024/12/29 12:33:23 [notice] 1#1: worker process 51 exited with code 0
2024/12/29 12:33:23 [notice] 1#1: worker process 52 exited with code 0
2024/12/29 12:33:23 [notice] 1#1: worker process 53 exited with code 0
2024/12/29 12:33:23 [notice] 1#1: worker process 54 exited with code 0
2024/12/29 12:33:23 [notice] 1#1: worker process 56 exited with code 0
2024/12/29 12:33:23 [notice] 1#1: worker process 57 exited with code 0
2024/12/29 12:33:23 [notice] 1#1: worker process 58 exited with code 0
2024/12/29 12:33:23 [notice] 1#1: worker process 59 exited with code 0
2024/12/29 12:33:23 [notice] 1#1: signal 29 (SIGIO) received
2024/12/29 12:33:23 [notice] 1#1: signal 17 (SIGCHLD) received from 54
2024/12/29 12:33:23 [notice] 1#1: signal 17 (SIGCHLD) received from 55
2024/12/29 12:33:23 [notice] 1#1: worker process 55 exited with code 0
2024/12/29 12:33:23 [notice] 1#1: exit
2024/12/29 12:33:24 [emerg] 1#1: host not found in upstream "php" in /etc/nginx/conf.d/default.conf:20
2024/12/29 12:33:39 [notice] 1#1: using the "epoll" event method
2024/12/29 12:33:39 [notice] 1#1: nginx/1.27.3
2024/12/29 12:33:39 [notice] 1#1: built by gcc 13.2.1 20240309 (Alpine 13.2.1_git20240309) 
2024/12/29 12:33:39 [notice] 1#1: OS: Linux 5.15.167.4-microsoft-standard-WSL2
2024/12/29 12:33:39 [notice] 1#1: getrlimit(RLIMIT_NOFILE): 1048576:1048576
2024/12/29 12:33:39 [notice] 1#1: start worker processes
2024/12/29 12:33:39 [notice] 1#1: start worker process 29
2024/12/29 12:33:39 [notice] 1#1: start worker process 30
2024/12/29 12:33:39 [notice] 1#1: start worker process 31
2024/12/29 12:33:39 [notice] 1#1: start worker process 32
2024/12/29 12:33:39 [notice] 1#1: start worker process 33
2024/12/29 12:33:39 [notice] 1#1: start worker process 34
2024/12/29 12:33:39 [notice] 1#1: start worker process 35
2024/12/29 12:33:39 [notice] 1#1: start worker process 36
2024/12/29 12:33:39 [notice] 1#1: start worker process 37
2024/12/29 12:33:39 [notice] 1#1: start worker process 38
2024/12/29 12:33:39 [notice] 1#1: start worker process 39
2024/12/29 12:33:39 [notice] 1#1: start worker process 40
2024/12/29 12:34:07 [error] 29#29: *1 connect() failed (111: Connection refused) while connecting to upstream, client: 172.19.0.1, server: localhost, request: "GET /api/documentation HTTP/1.1", upstream: "fastcgi://172.19.0.2:9000", host: "127.0.0.1:8080"
2024/12/29 12:40:40 [notice] 1#1: signal 3 (SIGQUIT) received, shutting down
2024/12/29 12:40:40 [notice] 29#29: gracefully shutting down
2024/12/29 12:40:40 [notice] 33#33: gracefully shutting down
2024/12/29 12:40:40 [notice] 30#30: gracefully shutting down
2024/12/29 12:40:40 [notice] 35#35: gracefully shutting down
2024/12/29 12:40:40 [notice] 30#30: exiting
2024/12/29 12:40:40 [notice] 36#36: gracefully shutting down
2024/12/29 12:40:40 [notice] 30#30: exit
2024/12/29 12:40:40 [notice] 37#37: gracefully shutting down
2024/12/29 12:40:40 [notice] 39#39: gracefully shutting down
2024/12/29 12:40:40 [notice] 37#37: exiting
2024/12/29 12:40:40 [notice] 40#40: gracefully shutting down
2024/12/29 12:40:40 [notice] 38#38: gracefully shutting down
2024/12/29 12:40:40 [notice] 34#34: gracefully shutting down
2024/12/29 12:40:40 [notice] 32#32: gracefully shutting down
2024/12/29 12:40:40 [notice] 31#31: gracefully shutting down
2024/12/29 12:40:40 [notice] 29#29: exiting
2024/12/29 12:40:40 [notice] 33#33: exiting
2024/12/29 12:40:40 [notice] 35#35: exiting
2024/12/29 12:40:40 [notice] 36#36: exiting
2024/12/29 12:40:40 [notice] 39#39: exiting
2024/12/29 12:40:40 [notice] 40#40: exiting
2024/12/29 12:40:40 [notice] 37#37: exit
2024/12/29 12:40:40 [notice] 38#38: exiting
2024/12/29 12:40:40 [notice] 32#32: exiting
2024/12/29 12:40:40 [notice] 34#34: exiting
2024/12/29 12:40:40 [notice] 31#31: exiting
2024/12/29 12:40:40 [notice] 29#29: exit
2024/12/29 12:40:40 [notice] 33#33: exit
2024/12/29 12:40:40 [notice] 35#35: exit
2024/12/29 12:40:40 [notice] 36#36: exit
2024/12/29 12:40:40 [notice] 39#39: exit
2024/12/29 12:40:40 [notice] 40#40: exit
2024/12/29 12:40:40 [notice] 38#38: exit
2024/12/29 12:40:40 [notice] 32#32: exit
2024/12/29 12:40:40 [notice] 34#34: exit
2024/12/29 12:40:40 [notice] 31#31: exit
2024/12/29 12:40:40 [notice] 1#1: signal 17 (SIGCHLD) received from 30
2024/12/29 12:40:40 [notice] 1#1: worker process 30 exited with code 0
2024/12/29 12:40:40 [notice] 1#1: signal 29 (SIGIO) received
2024/12/29 12:40:40 [notice] 1#1: signal 17 (SIGCHLD) received from 37
2024/12/29 12:40:40 [notice] 1#1: worker process 37 exited with code 0
2024/12/29 12:40:40 [notice] 1#1: signal 29 (SIGIO) received
2024/12/29 12:40:40 [notice] 1#1: signal 17 (SIGCHLD) received from 40
2024/12/29 12:40:40 [notice] 1#1: worker process 32 exited with code 0
2024/12/29 12:40:40 [notice] 1#1: worker process 33 exited with code 0
2024/12/29 12:40:40 [notice] 1#1: worker process 34 exited with code 0
2024/12/29 12:40:40 [notice] 1#1: worker process 40 exited with code 0
2024/12/29 12:40:40 [notice] 1#1: signal 29 (SIGIO) received
2024/12/29 12:40:40 [notice] 1#1: signal 17 (SIGCHLD) received from 32
2024/12/29 12:40:40 [notice] 1#1: signal 17 (SIGCHLD) received from 35
2024/12/29 12:40:40 [notice] 1#1: worker process 31 exited with code 0
2024/12/29 12:40:40 [notice] 1#1: worker process 35 exited with code 0
2024/12/29 12:40:40 [notice] 1#1: signal 29 (SIGIO) received
2024/12/29 12:40:40 [notice] 1#1: signal 17 (SIGCHLD) received from 38
2024/12/29 12:40:40 [notice] 1#1: worker process 38 exited with code 0
2024/12/29 12:40:40 [notice] 1#1: signal 29 (SIGIO) received
2024/12/29 12:40:40 [notice] 1#1: signal 17 (SIGCHLD) received from 36
2024/12/29 12:40:40 [notice] 1#1: worker process 29 exited with code 0
2024/12/29 12:40:40 [notice] 1#1: worker process 36 exited with code 0
2024/12/29 12:40:40 [notice] 1#1: worker process 39 exited with code 0
2024/12/29 12:40:40 [notice] 1#1: exit
2024/12/29 12:41:24 [notice] 1#1: using the "epoll" event method
2024/12/29 12:41:24 [notice] 1#1: nginx/1.27.3
2024/12/29 12:41:24 [notice] 1#1: built by gcc 13.2.1 20240309 (Alpine 13.2.1_git20240309) 
2024/12/29 12:41:24 [notice] 1#1: OS: Linux 5.15.167.4-microsoft-standard-WSL2
2024/12/29 12:41:24 [notice] 1#1: getrlimit(RLIMIT_NOFILE): 1048576:1048576
2024/12/29 12:41:24 [notice] 1#1: start worker processes
2024/12/29 12:41:24 [notice] 1#1: start worker process 29
2024/12/29 12:41:24 [notice] 1#1: start worker process 30
2024/12/29 12:41:24 [notice] 1#1: start worker process 31
2024/12/29 12:41:24 [notice] 1#1: start worker process 32
2024/12/29 12:41:24 [notice] 1#1: start worker process 33
2024/12/29 12:41:24 [notice] 1#1: start worker process 34
2024/12/29 12:41:24 [notice] 1#1: start worker process 35
2024/12/29 12:41:24 [notice] 1#1: start worker process 36
2024/12/29 12:41:24 [notice] 1#1: start worker process 37
2024/12/29 12:41:24 [notice] 1#1: start worker process 38
2024/12/29 12:41:24 [notice] 1#1: start worker process 39
2024/12/29 12:41:24 [notice] 1#1: start worker process 40
2024/12/29 12:49:48 [notice] 1#1: signal 3 (SIGQUIT) received, shutting down
2024/12/29 12:49:48 [notice] 29#29: gracefully shutting down
2024/12/29 12:49:48 [notice] 31#31: gracefully shutting down
2024/12/29 12:49:48 [notice] 33#33: gracefully shutting down
2024/12/29 12:49:48 [notice] 30#30: gracefully shutting down
2024/12/29 12:49:48 [notice] 32#32: gracefully shutting down
2024/12/29 12:49:48 [notice] 36#36: gracefully shutting down
2024/12/29 12:49:48 [notice] 34#34: gracefully shutting down
2024/12/29 12:49:48 [notice] 35#35: gracefully shutting down
2024/12/29 12:49:48 [notice] 39#39: gracefully shutting down
2024/12/29 12:49:48 [notice] 38#38: gracefully shutting down
2024/12/29 12:49:48 [notice] 40#40: gracefully shutting down
2024/12/29 12:49:48 [notice] 37#37: gracefully shutting down
2024/12/29 12:49:48 [notice] 29#29: exiting
2024/12/29 12:49:48 [notice] 31#31: exiting
2024/12/29 12:49:48 [notice] 33#33: exiting
2024/12/29 12:49:48 [notice] 29#29: exit
2024/12/29 12:49:48 [notice] 32#32: exiting
2024/12/29 12:49:48 [notice] 30#30: exiting
2024/12/29 12:49:48 [notice] 36#36: exiting
2024/12/29 12:49:48 [notice] 35#35: exiting
2024/12/29 12:49:48 [notice] 38#38: exiting
2024/12/29 12:49:48 [notice] 40#40: exiting
2024/12/29 12:49:48 [notice] 34#34: exiting
2024/12/29 12:49:48 [notice] 39#39: exiting
2024/12/29 12:49:48 [notice] 31#31: exit
2024/12/29 12:49:48 [notice] 37#37: exiting
2024/12/29 12:49:48 [notice] 34#34: exit
2024/12/29 12:49:48 [notice] 33#33: exit
2024/12/29 12:49:48 [notice] 32#32: exit
2024/12/29 12:49:48 [notice] 30#30: exit
2024/12/29 12:49:48 [notice] 36#36: exit
2024/12/29 12:49:48 [notice] 35#35: exit
2024/12/29 12:49:48 [notice] 38#38: exit
2024/12/29 12:49:48 [notice] 40#40: exit
2024/12/29 12:49:48 [notice] 39#39: exit
2024/12/29 12:49:48 [notice] 37#37: exit
2024/12/29 12:49:48 [notice] 1#1: signal 17 (SIGCHLD) received from 31
2024/12/29 12:49:48 [notice] 1#1: worker process 29 exited with code 0
2024/12/29 12:49:48 [notice] 1#1: worker process 30 exited with code 0
2024/12/29 12:49:48 [notice] 1#1: worker process 31 exited with code 0
2024/12/29 12:49:48 [notice] 1#1: worker process 33 exited with code 0
2024/12/29 12:49:48 [notice] 1#1: worker process 35 exited with code 0
2024/12/29 12:49:48 [notice] 1#1: worker process 36 exited with code 0
2024/12/29 12:49:48 [notice] 1#1: worker process 39 exited with code 0
2024/12/29 12:49:48 [notice] 1#1: worker process 40 exited with code 0
2024/12/29 12:49:48 [notice] 1#1: signal 29 (SIGIO) received
2024/12/29 12:49:48 [notice] 1#1: signal 17 (SIGCHLD) received from 29
2024/12/29 12:49:48 [notice] 1#1: signal 17 (SIGCHLD) received from 32
2024/12/29 12:49:48 [notice] 1#1: worker process 32 exited with code 0
2024/12/29 12:49:48 [notice] 1#1: worker process 34 exited with code 0
2024/12/29 12:49:48 [notice] 1#1: signal 29 (SIGIO) received
2024/12/29 12:49:48 [notice] 1#1: signal 17 (SIGCHLD) received from 34
2024/12/29 12:49:48 [notice] 1#1: signal 17 (SIGCHLD) received from 38
2024/12/29 12:49:48 [notice] 1#1: worker process 38 exited with code 0
2024/12/29 12:49:48 [notice] 1#1: signal 29 (SIGIO) received
2024/12/29 12:49:48 [notice] 1#1: signal 17 (SIGCHLD) received from 37
2024/12/29 12:49:48 [notice] 1#1: worker process 37 exited with code 0
2024/12/29 12:49:48 [notice] 1#1: exit
